\BOOKMARK [1][-]{section*.1}{\376\377\000L\000i\000s\000t\000e\000\040\000d\000e\000s\000\040\000f\000i\000g\000u\000r\000e\000s}{}% 1
\BOOKMARK [1][-]{section*.2}{\376\377\000L\000i\000s\000t\000e\000\040\000d\000e\000s\000\040\000t\000a\000b\000l\000e\000a\000u\000x}{}% 2
\BOOKMARK [1][-]{section*.2}{\376\377\000I\000n\000t\000r\000o\000d\000u\000c\000t\000i\000o\000n\000\040\000g\000\351\000n\000\351\000r\000a\000l\000e}{}% 3
\BOOKMARK [1][-]{section.3}{\376\377\000I\000n\000f\000o\000r\000m\000a\000t\000i\000o\000n\000s\000\040\000G\000\351\000n\000\351\000r\000a\000l\000e\000s}{}% 4
\BOOKMARK [2][-]{subsection.4}{\376\377\000C\000o\000n\000t\000e\000x\000t\000e\000\040\000e\000t\000\040\000p\000r\000o\000b\000l\000\351\000m\000a\000t\000i\000q\000u\000e}{section.3}% 5
\BOOKMARK [2][-]{subsection.5}{\376\377\000O\000b\000j\000e\000c\000t\000i\000f\000s}{section.3}% 6
\BOOKMARK [2][-]{subsection.6}{\376\377\000A\000r\000c\000h\000i\000t\000e\000c\000t\000u\000r\000e\000\040\000d\000e\000\040\000l\000a\000\040\000s\000o\000l\000u\000t\000i\000o\000n}{section.3}% 7
\BOOKMARK [2][-]{subsection.7}{\376\377\000D\000\351\000m\000a\000r\000c\000h\000e\000\040\000m\000\351\000t\000h\000o\000d\000o\000l\000o\000g\000i\000q\000u\000e}{section.3}% 8
\BOOKMARK [1][-]{section.8}{\376\377\000C\000h\000a\000p\000i\000t\000r\000e\000\040\0001\000\040\000:\000\040\000P\000r\000\351\000t\000r\000a\000i\000t\000e\000m\000e\000n\000t\000\040\000e\000t\000\040\000a\000n\000a\000l\000y\000s\000e\000\040\000e\000x\000p\000l\000o\000r\000a\000t\000o\000i\000r\000e}{}% 9
\BOOKMARK [2][-]{subsection.9}{\376\377\000P\000r\000\351\000s\000e\000n\000t\000a\000t\000i\000o\000n\000\040\000d\000u\000\040\000d\000a\000t\000a\000s\000e\000t}{section.8}% 10
\BOOKMARK [2][-]{subsection.12}{\376\377\000D\000e\000s\000c\000r\000i\000p\000t\000i\000o\000n\000\040\000d\000e\000s\000\040\000g\000r\000o\000u\000p\000e\000s\000\040\000d\000e\000\040\000v\000a\000r\000i\000a\000b\000l\000e\000s}{section.8}% 11
\BOOKMARK [2][-]{subsection.15}{\376\377\000D\000i\000a\000g\000n\000o\000s\000t\000i\000c\000\040\000d\000e\000\040\000q\000u\000a\000l\000i\000t\000\351\000\040\000d\000e\000s\000\040\000d\000o\000n\000n\000\351\000e\000s}{section.8}% 12
\BOOKMARK [2][-]{subsection.16}{\376\377\000N\000e\000t\000t\000o\000y\000a\000g\000e\000,\000\040\000i\000m\000p\000u\000t\000a\000t\000i\000o\000n\000\040\000e\000t\000\040\000e\000n\000c\000o\000d\000a\000g\000e}{section.8}% 13
\BOOKMARK [2][-]{subsection.23}{\376\377\000P\000r\000\351\000v\000e\000n\000t\000i\000o\000n\000\040\000d\000e\000s\000\040\000f\000u\000i\000t\000e\000s\000\040\000d\000e\000\040\000d\000o\000n\000n\000\351\000e\000s}{section.8}% 14
\BOOKMARK [2][-]{subsection.24}{\376\377\000P\000r\000i\000n\000c\000i\000p\000a\000u\000x\000\040\000r\000\351\000s\000u\000l\000t\000a\000t\000s\000\040\000d\000e\000\040\000l\000'\000a\000n\000a\000l\000y\000s\000e\000\040\000e\000x\000p\000l\000o\000r\000a\000t\000o\000i\000r\000e}{section.8}% 15
\BOOKMARK [2][-]{subsection.27}{\376\377\000I\000n\000t\000e\000r\000p\000r\000\351\000t\000a\000t\000i\000o\000n\000\040\000m\000\351\000t\000i\000e\000r\000\040\000d\000e\000\040\000l\000'\000a\000n\000a\000l\000y\000s\000e\000\040\000e\000x\000p\000l\000o\000r\000a\000t\000o\000i\000r\000e}{section.8}% 16
\BOOKMARK [1][-]{section.28}{\376\377\000C\000h\000a\000p\000i\000t\000r\000e\000\040\0002\000\040\000:\000\040\000E\000n\000t\000r\000a\000\356\000n\000e\000m\000e\000n\000t\000\040\000e\000t\000\040\000\351\000v\000a\000l\000u\000a\000t\000i\000o\000n\000\040\000d\000e\000s\000\040\000m\000o\000d\000\350\000l\000e\000s}{}% 17
\BOOKMARK [2][-]{subsection.29}{\376\377\000F\000o\000r\000m\000u\000l\000a\000t\000i\000o\000n\000\040\000d\000u\000\040\000p\000r\000o\000b\000l\000\350\000m\000e}{section.28}% 18
\BOOKMARK [2][-]{subsection.30}{\376\377\000M\000o\000d\000\350\000l\000e\000s\000\040\000e\000t\000\040\000p\000r\000o\000t\000o\000c\000o\000l\000e\000\040\000d\000'\000e\000n\000t\000r\000a\000\356\000n\000e\000m\000e\000n\000t}{section.28}% 19
\BOOKMARK [2][-]{subsection.31}{\376\377\000D\000\351\000f\000i\000n\000i\000t\000i\000o\000n\000\040\000d\000e\000s\000\040\000m\000\351\000t\000r\000i\000q\000u\000e\000s}{section.28}% 20
\BOOKMARK [2][-]{subsection.34}{\376\377\000M\000\351\000t\000r\000i\000q\000u\000e\000s\000\040\000d\000'\000\351\000v\000a\000l\000u\000a\000t\000i\000o\000n}{section.28}% 21
\BOOKMARK [2][-]{subsection.39}{\376\377\000O\000p\000t\000i\000m\000i\000s\000a\000t\000i\000o\000n\000\040\000d\000e\000s\000\040\000h\000y\000p\000e\000r\000p\000a\000r\000a\000m\000\350\000t\000r\000e\000s}{section.28}% 22
\BOOKMARK [2][-]{subsection.44}{\376\377\000C\000h\000o\000i\000x\000\040\000d\000u\000\040\000m\000o\000d\000\350\000l\000e\000\040\000e\000t\000\040\000l\000i\000m\000i\000t\000e\000s\000\040\000d\000e\000\040\000l\000'\000\351\000v\000a\000l\000u\000a\000t\000i\000o\000n}{section.28}% 23
\BOOKMARK [1][-]{section.45}{\376\377\000C\000h\000a\000p\000i\000t\000r\000e\000\040\0003\000\040\000:\000\040\000I\000n\000t\000e\000r\000p\000r\000\351\000t\000a\000t\000i\000o\000n\000\040\000e\000t\000\040\000r\000e\000c\000o\000m\000m\000a\000n\000d\000a\000t\000i\000o\000n\000s\000\040\000m\000\351\000t\000i\000e\000r}{}% 24
\BOOKMARK [2][-]{subsection.46}{\376\377\000O\000b\000j\000e\000c\000t\000i\000f\000\040\000d\000e\000\040\000l\000'\000i\000n\000t\000e\000r\000p\000r\000\351\000t\000a\000b\000i\000l\000i\000t\000\351}{section.45}% 25
\BOOKMARK [2][-]{subsection.47}{\376\377\000A\000n\000a\000l\000y\000s\000e\000\040\000d\000e\000\040\000f\000e\000a\000t\000u\000r\000e\000\040\000i\000m\000p\000o\000r\000t\000a\000n\000c\000e}{section.45}% 26
\BOOKMARK [2][-]{subsection.54}{\376\377\000L\000e\000c\000t\000u\000r\000e\000\040\000c\000r\000o\000i\000s\000\351\000e\000\040\000d\000e\000s\000\040\000m\000o\000d\000\350\000l\000e\000s}{section.45}% 27
\BOOKMARK [2][-]{subsection.57}{\376\377\000S\000e\000g\000m\000e\000n\000t\000a\000t\000i\000o\000n\000\040\000d\000u\000\040\000r\000i\000s\000q\000u\000e}{section.45}% 28
\BOOKMARK [2][-]{subsection.58}{\376\377\000R\000e\000c\000o\000m\000m\000a\000n\000d\000a\000t\000i\000o\000n\000s\000\040\000d\000e\000\040\000f\000i\000d\000\351\000l\000i\000s\000a\000t\000i\000o\000n}{section.45}% 29
\BOOKMARK [2][-]{subsection.61}{\376\377\000M\000i\000s\000e\000\040\000\340\000\040\000d\000i\000s\000p\000o\000s\000i\000t\000i\000o\000n\000\040\000a\000v\000e\000c\000\040\000S\000t\000r\000e\000a\000m\000l\000i\000t}{section.45}% 30
\BOOKMARK [2][-]{subsection.62}{\376\377\000P\000a\000r\000c\000o\000u\000r\000s\000\040\000u\000t\000i\000l\000i\000s\000a\000t\000e\000u\000r\000\040\000e\000t\000\040\000a\000r\000c\000h\000i\000t\000e\000c\000t\000u\000r\000e\000\040\000d\000e\000\040\000d\000\351\000p\000l\000o\000i\000e\000m\000e\000n\000t}{section.45}% 31
\BOOKMARK [2][-]{subsection.63}{\376\377\000S\000u\000i\000v\000i\000\040\000o\000p\000\351\000r\000a\000t\000i\000o\000n\000n\000e\000l\000\040\000r\000e\000c\000o\000m\000m\000a\000n\000d\000\351}{section.45}% 32
\BOOKMARK [1][-]{subsection.63}{\376\377\000C\000o\000n\000c\000l\000u\000s\000i\000o\000n\000\040\000g\000\351\000n\000\351\000r\000a\000l\000e}{}% 33
\BOOKMARK [1][-]{subsection.63}{\376\377\000B\000i\000b\000l\000i\000o\000g\000r\000a\000p\000h\000i\000e}{}% 34
\BOOKMARK [1][-]{section.64}{\376\377\000A\000n\000n\000e\000x\000e\000s}{}% 35
\BOOKMARK [2][-]{subsection.65}{\376\377\000S\000t\000r\000u\000c\000t\000u\000r\000e\000\040\000d\000u\000\040\000r\000e\000p\000o\000s\000i\000t\000o\000r\000y}{section.64}% 36
\BOOKMARK [2][-]{subsection.66}{\376\377\000C\000o\000m\000m\000a\000n\000d\000e\000s\000\040\000d\000'\000e\000x\000\351\000c\000u\000t\000i\000o\000n}{section.64}% 37
